<?xml version="1.0" encoding="UTF-8"?>
<testsuite xmlns:xsi="http://www.w3.org/2001/XMLSchema-instance" xsi:noNamespaceSchemaLocation="https://maven.apache.org/surefire/maven-surefire-plugin/xsd/surefire-test-report.xsd" name="com.marufh.geolocation2timezone.service.TimeZoneServiceTest" time="1.95" tests="2" errors="0" skipped="0" failures="0">
  <properties>
[...]
</properties>
  <testcase name="testTimeZone" classname="com.marufh.geolocation2timezone.service.TimeZoneServiceTest" time="0.013"/>
  <testcase name="testTimeShape" classname="com.marufh.geolocation2timezone.service.TimeZoneServiceTest" time="0.032"/>
</testsuite>